# JRE version: Java(TM) SE Runtime Environment (23.0.1+11) (build 23.0.1+11-39)
# Java VM: Java HotSpot(TM) 64-Bit Server VM (23.0.1+11-39, mixed mode, sharing, tiered, compressed oops, compressed class ptrs, parallel gc, windows-amd64)
GC Precious Log:
 CardTable entry size: 512
 CPUs: 8 total, 8 available
 Memory: 8025M
 Large Page Support: Disabled
 NUMA Support: Disabled
 Compressed Oops: Enabled (32-bit)
 Alignments: Space 512K, Generation 512K, Heap 2M
 Heap Min Capacity: 100M
 Heap Initial Capacity: 100M
 Heap Max Capacity: 1G
 Pre-touch: Disabled
 Parallel Workers: 8
Heap:
 PSYoungGen      total 29696K, used 18251K [0x00000000eab00000, 0x00000000ee100000, 0x0000000100000000)
  eden space 26112K, 56% used [0x00000000eab00000,0x00000000eb9535e0,0x00000000ec480000)
  from space 3584K, 99% used [0x00000000ec480000,0x00000000ec7ff940,0x00000000ec800000)
  to   space 11264K, 0% used [0x00000000ed600000,0x00000000ed600000,0x00000000ee100000)
 ParOldGen       total 121856K, used 121387K [0x00000000c0000000, 0x00000000c7700000, 0x00000000eab00000)
  object space 121856K, 99% used [0x00000000c0000000,0x00000000c768af88,0x00000000c7700000)
 Metaspace       used 56303K, committed 57600K, reserved 1114112K
  class space    used 6110K, committed 6656K, reserved 1048576K
GC Heap History (20 events):
Event: 19.555 GC heap before
{Heap before GC invocations=31 (full 2):
 PSYoungGen      total 28160K, used 27941K [0x00000000eab00000, 0x00000000ed000000, 0x0000000100000000)
  eden space 22016K, 100% used [0x00000000eab00000,0x00000000ec080000,0x00000000ec080000)
  from space 6144K, 96% used [0x00000000eca00000,0x00000000ecfc9568,0x00000000ed000000)
  to   space 7168K, 0% used [0x00000000ec200000,0x00000000ec200000,0x00000000ec900000)
 ParOldGen       total 77824K, used 77672K [0x00000000c0000000, 0x00000000c4c00000, 0x00000000eab00000)
  object space 77824K, 99% used [0x00000000c0000000,0x00000000c4bda1b8,0x00000000c4c00000)
 Metaspace       used 53535K, committed 54848K, reserved 1114112K
  class space    used 5861K, committed 6400K, reserved 1048576K
}
Event: 19.563 GC heap after
{Heap after GC invocations=31 (full 2):
 PSYoungGen      total 27136K, used 3098K [0x00000000eab00000, 0x00000000ecc00000, 0x0000000100000000)
  eden space 23552K, 0% used [0x00000000eab00000,0x00000000eab00000,0x00000000ec200000)
  from space 3584K, 86% used [0x00000000ec200000,0x00000000ec506b10,0x00000000ec580000)
  to   space 4608K, 0% used [0x00000000ec780000,0x00000000ec780000,0x00000000ecc00000)
 ParOldGen       total 82944K, used 82726K [0x00000000c0000000, 0x00000000c5100000, 0x00000000eab00000)
  object space 82944K, 99% used [0x00000000c0000000,0x00000000c50c9b00,0x00000000c5100000)
 Metaspace       used 53535K, committed 54848K, reserved 1114112K
  class space    used 5861K, committed 6400K, reserved 1048576K
}
Event: 19.665 GC heap before
{Heap before GC invocations=32 (full 2):
 PSYoungGen      total 27136K, used 26650K [0x00000000eab00000, 0x00000000ecc00000, 0x0000000100000000)
  eden space 23552K, 100% used [0x00000000eab00000,0x00000000ec200000,0x00000000ec200000)
  from space 3584K, 86% used [0x00000000ec200000,0x00000000ec506b10,0x00000000ec580000)
  to   space 4608K, 0% used [0x00000000ec780000,0x00000000ec780000,0x00000000ecc00000)
 ParOldGen       total 82944K, used 82726K [0x00000000c0000000, 0x00000000c5100000, 0x00000000eab00000)
  object space 82944K, 99% used [0x00000000c0000000,0x00000000c50c9b00,0x00000000c5100000)
 Metaspace       used 53547K, committed 54848K, reserved 1114112K
  class space    used 5861K, committed 6400K, reserved 1048576K
}
Event: 19.669 GC heap after
{Heap after GC invocations=32 (full 2):
 PSYoungGen      total 30208K, used 2778K [0x00000000eab00000, 0x00000000ecc00000, 0x0000000100000000)
  eden space 25600K, 0% used [0x00000000eab00000,0x00000000eab00000,0x00000000ec400000)
  from space 4608K, 60% used [0x00000000ec780000,0x00000000eca36990,0x00000000ecc00000)
  to   space 3584K, 0% used [0x00000000ec400000,0x00000000ec400000,0x00000000ec780000)
 ParOldGen       total 84992K, used 84975K [0x00000000c0000000, 0x00000000c5300000, 0x00000000eab00000)
  object space 84992K, 99% used [0x00000000c0000000,0x00000000c52fbd18,0x00000000c5300000)
 Metaspace       used 53547K, committed 54848K, reserved 1114112K
  class space    used 5861K, committed 6400K, reserved 1048576K
}
Event: 19.905 GC heap before
{Heap before GC invocations=33 (full 2):
 PSYoungGen      total 30208K, used 28378K [0x00000000eab00000, 0x00000000ecc00000, 0x0000000100000000)
  eden space 25600K, 100% used [0x00000000eab00000,0x00000000ec400000,0x00000000ec400000)
  from space 4608K, 60% used [0x00000000ec780000,0x00000000eca36990,0x00000000ecc00000)
  to   space 3584K, 0% used [0x00000000ec400000,0x00000000ec400000,0x00000000ec780000)
 ParOldGen       total 84992K, used 84975K [0x00000000c0000000, 0x00000000c5300000, 0x00000000eab00000)
  object space 84992K, 99% used [0x00000000c0000000,0x00000000c52fbd18,0x00000000c5300000)
 Metaspace       used 53950K, committed 55232K, reserved 1114112K
  class space    used 5894K, committed 6400K, reserved 1048576K
}
Event: 19.914 GC heap after
{Heap after GC invocations=33 (full 2):
 PSYoungGen      total 28672K, used 3554K [0x00000000eab00000, 0x00000000ed180000, 0x0000000100000000)
  eden space 25088K, 0% used [0x00000000eab00000,0x00000000eab00000,0x00000000ec380000)
  from space 3584K, 99% used [0x00000000ec400000,0x00000000ec778bf8,0x00000000ec780000)
  to   space 7168K, 0% used [0x00000000eca80000,0x00000000eca80000,0x00000000ed180000)
 ParOldGen       total 88064K, used 87584K [0x00000000c0000000, 0x00000000c5600000, 0x00000000eab00000)
  object space 88064K, 99% used [0x00000000c0000000,0x00000000c5588248,0x00000000c5600000)
 Metaspace       used 53950K, committed 55232K, reserved 1114112K
  class space    used 5894K, committed 6400K, reserved 1048576K
}
Event: 20.149 GC heap before
{Heap before GC invocations=34 (full 2):
 PSYoungGen      total 28672K, used 28642K [0x00000000eab00000, 0x00000000ed180000, 0x0000000100000000)
  eden space 25088K, 100% used [0x00000000eab00000,0x00000000ec380000,0x00000000ec380000)
  from space 3584K, 99% used [0x00000000ec400000,0x00000000ec778bf8,0x00000000ec780000)
  to   space 7168K, 0% used [0x00000000eca80000,0x00000000eca80000,0x00000000ed180000)
 ParOldGen       total 88064K, used 87584K [0x00000000c0000000, 0x00000000c5600000, 0x00000000eab00000)
  object space 88064K, 99% used [0x00000000c0000000,0x00000000c5588248,0x00000000c5600000)
 Metaspace       used 54651K, committed 55872K, reserved 1114112K
  class space    used 5972K, committed 6464K, reserved 1048576K
}
Event: 20.157 GC heap after
{Heap after GC invocations=34 (full 2):
 PSYoungGen      total 29696K, used 4938K [0x00000000eab00000, 0x00000000ecf80000, 0x0000000100000000)
  eden space 24576K, 0% used [0x00000000eab00000,0x00000000eab00000,0x00000000ec300000)
  from space 5120K, 96% used [0x00000000eca80000,0x00000000ecf52a68,0x00000000ecf80000)
  to   space 5632K, 0% used [0x00000000ec480000,0x00000000ec480000,0x00000000eca00000)
 ParOldGen       total 91136K, used 90864K [0x00000000c0000000, 0x00000000c5900000, 0x00000000eab00000)
  object space 91136K, 99% used [0x00000000c0000000,0x00000000c58bc1c0,0x00000000c5900000)
 Metaspace       used 54651K, committed 55872K, reserved 1114112K
  class space    used 5972K, committed 6464K, reserved 1048576K
}
Event: 20.630 GC heap before
{Heap before GC invocations=35 (full 2):
 PSYoungGen      total 29696K, used 29514K [0x00000000eab00000, 0x00000000ecf80000, 0x0000000100000000)
  eden space 24576K, 100% used [0x00000000eab00000,0x00000000ec300000,0x00000000ec300000)
  from space 5120K, 96% used [0x00000000eca80000,0x00000000ecf52a68,0x00000000ecf80000)
  to   space 5632K, 0% used [0x00000000ec480000,0x00000000ec480000,0x00000000eca00000)
 ParOldGen       total 91136K, used 90864K [0x00000000c0000000, 0x00000000c5900000, 0x00000000eab00000)
  object space 91136K, 99% used [0x00000000c0000000,0x00000000c58bc1c0,0x00000000c5900000)
 Metaspace       used 54963K, committed 56256K, reserved 1114112K
  class space    used 5995K, committed 6528K, reserved 1048576K
}
Event: 20.637 GC heap after
{Heap after GC invocations=35 (full 2):
 PSYoungGen      total 29696K, used 5487K [0x00000000eab00000, 0x00000000ecd80000, 0x0000000100000000)
  eden space 24064K, 0% used [0x00000000eab00000,0x00000000eab00000,0x00000000ec280000)
  from space 5632K, 97% used [0x00000000ec480000,0x00000000ec9dbfe0,0x00000000eca00000)
  to   space 3584K, 0% used [0x00000000eca00000,0x00000000eca00000,0x00000000ecd80000)
 ParOldGen       total 95744K, used 95570K [0x00000000c0000000, 0x00000000c5d80000, 0x00000000eab00000)
  object space 95744K, 99% used [0x00000000c0000000,0x00000000c5d54808,0x00000000c5d80000)
 Metaspace       used 54963K, committed 56256K, reserved 1114112K
  class space    used 5995K, committed 6528K, reserved 1048576K
}
Event: 20.836 GC heap before
{Heap before GC invocations=36 (full 2):
 PSYoungGen      total 29696K, used 29551K [0x00000000eab00000, 0x00000000ecd80000, 0x0000000100000000)
  eden space 24064K, 100% used [0x00000000eab00000,0x00000000ec280000,0x00000000ec280000)
  from space 5632K, 97% used [0x00000000ec480000,0x00000000ec9dbfe0,0x00000000eca00000)
  to   space 3584K, 0% used [0x00000000eca00000,0x00000000eca00000,0x00000000ecd80000)
 ParOldGen       total 95744K, used 95570K [0x00000000c0000000, 0x00000000c5d80000, 0x00000000eab00000)
  object space 95744K, 99% used [0x00000000c0000000,0x00000000c5d54808,0x00000000c5d80000)
 Metaspace       used 55066K, committed 56320K, reserved 1114112K
  class space    used 5998K, committed 6528K, reserved 1048576K
}
Event: 20.844 GC heap after
{Heap after GC invocations=36 (full 2):
 PSYoungGen      total 23552K, used 3553K [0x00000000eab00000, 0x00000000ed900000, 0x0000000100000000)
  eden space 19968K, 0% used [0x00000000eab00000,0x00000000eab00000,0x00000000ebe80000)
  from space 3584K, 99% used [0x00000000eca00000,0x00000000ecd78570,0x00000000ecd80000)
  to   space 11776K, 0% used [0x00000000ebe80000,0x00000000ebe80000,0x00000000eca00000)
 ParOldGen       total 102912K, used 102515K [0x00000000c0000000, 0x00000000c6480000, 0x00000000eab00000)
  object space 102912K, 99% used [0x00000000c0000000,0x00000000c641cc78,0x00000000c6480000)
 Metaspace       used 55066K, committed 56320K, reserved 1114112K
  class space    used 5998K, committed 6528K, reserved 1048576K
}
Event: 21.102 GC heap before
{Heap before GC invocations=37 (full 2):
 PSYoungGen      total 23552K, used 23521K [0x00000000eab00000, 0x00000000ed900000, 0x0000000100000000)
  eden space 19968K, 99% used [0x00000000eab00000,0x00000000ebe7ffa8,0x00000000ebe80000)
  from space 3584K, 99% used [0x00000000eca00000,0x00000000ecd78570,0x00000000ecd80000)
  to   space 11776K, 0% used [0x00000000ebe80000,0x00000000ebe80000,0x00000000eca00000)
 ParOldGen       total 102912K, used 102515K [0x00000000c0000000, 0x00000000c6480000, 0x00000000eab00000)
  object space 102912K, 99% used [0x00000000c0000000,0x00000000c641cc78,0x00000000c6480000)
 Metaspace       used 55151K, committed 56448K, reserved 1114112K
  class space    used 6001K, committed 6528K, reserved 1048576K
}
Event: 21.111 GC heap after
{Heap after GC invocations=37 (full 2):
 PSYoungGen      total 26112K, used 5917K [0x00000000eab00000, 0x00000000ecd80000, 0x0000000100000000)
  eden space 19968K, 0% used [0x00000000eab00000,0x00000000eab00000,0x00000000ebe80000)
  from space 6144K, 96% used [0x00000000ebe80000,0x00000000ec447470,0x00000000ec480000)
  to   space 7680K, 0% used [0x00000000ec600000,0x00000000ec600000,0x00000000ecd80000)
 ParOldGen       total 105984K, used 105926K [0x00000000c0000000, 0x00000000c6780000, 0x00000000eab00000)
  object space 105984K, 99% used [0x00000000c0000000,0x00000000c6771ae8,0x00000000c6780000)
 Metaspace       used 55151K, committed 56448K, reserved 1114112K
  class space    used 6001K, committed 6528K, reserved 1048576K
}
Event: 21.657 GC heap before
{Heap before GC invocations=38 (full 2):
 PSYoungGen      total 26112K, used 25885K [0x00000000eab00000, 0x00000000ecd80000, 0x0000000100000000)
  eden space 19968K, 100% used [0x00000000eab00000,0x00000000ebe80000,0x00000000ebe80000)
  from space 6144K, 96% used [0x00000000ebe80000,0x00000000ec447470,0x00000000ec480000)
  to   space 7680K, 0% used [0x00000000ec600000,0x00000000ec600000,0x00000000ecd80000)
 ParOldGen       total 105984K, used 105926K [0x00000000c0000000, 0x00000000c6780000, 0x00000000eab00000)
  object space 105984K, 99% used [0x00000000c0000000,0x00000000c6771ae8,0x00000000c6780000)
 Metaspace       used 55174K, committed 56448K, reserved 1114112K
  class space    used 6001K, committed 6528K, reserved 1048576K
}
Event: 21.668 GC heap after
{Heap after GC invocations=38 (full 2):
 PSYoungGen      total 26112K, used 5639K [0x00000000eab00000, 0x00000000ecc00000, 0x0000000100000000)
  eden space 19968K, 0% used [0x00000000eab00000,0x00000000eab00000,0x00000000ebe80000)
  from space 6144K, 91% used [0x00000000ec600000,0x00000000ecb81e08,0x00000000ecc00000)
  to   space 6144K, 0% used [0x00000000ebe80000,0x00000000ebe80000,0x00000000ec480000)
 ParOldGen       total 109568K, used 109273K [0x00000000c0000000, 0x00000000c6b00000, 0x00000000eab00000)
  object space 109568K, 99% used [0x00000000c0000000,0x00000000c6ab67a0,0x00000000c6b00000)
 Metaspace       used 55174K, committed 56448K, reserved 1114112K
  class space    used 6001K, committed 6528K, reserved 1048576K
}
Event: 21.822 GC heap before
{Heap before GC invocations=39 (full 2):
 PSYoungGen      total 26112K, used 25607K [0x00000000eab00000, 0x00000000ecc00000, 0x0000000100000000)
  eden space 19968K, 100% used [0x00000000eab00000,0x00000000ebe80000,0x00000000ebe80000)
  from space 6144K, 91% used [0x00000000ec600000,0x00000000ecb81e08,0x00000000ecc00000)
  to   space 6144K, 0% used [0x00000000ebe80000,0x00000000ebe80000,0x00000000ec480000)
 ParOldGen       total 109568K, used 109273K [0x00000000c0000000, 0x00000000c6b00000, 0x00000000eab00000)
  object space 109568K, 99% used [0x00000000c0000000,0x00000000c6ab67a0,0x00000000c6b00000)
 Metaspace       used 55285K, committed 56512K, reserved 1114112K
  class space    used 6009K, committed 6528K, reserved 1048576K
}
Event: 23.847 GC heap after
{Heap after GC invocations=39 (full 2):
 PSYoungGen      total 26112K, used 2832K [0x00000000eab00000, 0x00000000ecc00000, 0x0000000100000000)
  eden space 19968K, 0% used [0x00000000eab00000,0x00000000eab00000,0x00000000ebe80000)
  from space 6144K, 46% used [0x00000000ebe80000,0x00000000ec144188,0x00000000ec480000)
  to   space 4096K, 0% used [0x00000000ec800000,0x00000000ec800000,0x00000000ecc00000)
 ParOldGen       total 112640K, used 112279K [0x00000000c0000000, 0x00000000c6e00000, 0x00000000eab00000)
  object space 112640K, 99% used [0x00000000c0000000,0x00000000c6da5d88,0x00000000c6e00000)
 Metaspace       used 55285K, committed 56512K, reserved 1114112K
  class space    used 6009K, committed 6528K, reserved 1048576K
}
Event: 24.139 GC heap before
{Heap before GC invocations=40 (full 2):
 PSYoungGen      total 26112K, used 22800K [0x00000000eab00000, 0x00000000ecc00000, 0x0000000100000000)
  eden space 19968K, 100% used [0x00000000eab00000,0x00000000ebe80000,0x00000000ebe80000)
  from space 6144K, 46% used [0x00000000ebe80000,0x00000000ec144188,0x00000000ec480000)
  to   space 4096K, 0% used [0x00000000ec800000,0x00000000ec800000,0x00000000ecc00000)
 ParOldGen       total 112640K, used 112279K [0x00000000c0000000, 0x00000000c6e00000, 0x00000000eab00000)
  object space 112640K, 99% used [0x00000000c0000000,0x00000000c6da5d88,0x00000000c6e00000)
 Metaspace       used 55419K, committed 56640K, reserved 1114112K
  class space    used 6023K, committed 6528K, reserved 1048576K
}
Event: 25.154 GC heap after
{Heap after GC invocations=40 (full 2):
 PSYoungGen      total 30208K, used 3413K [0x00000000eab00000, 0x00000000ecc00000, 0x0000000100000000)
  eden space 26112K, 0% used [0x00000000eab00000,0x00000000eab00000,0x00000000ec480000)
  from space 4096K, 83% used [0x00000000ec800000,0x00000000ecb55640,0x00000000ecc00000)
  to   space 3584K, 0% used [0x00000000ec480000,0x00000000ec480000,0x00000000ec800000)
 ParOldGen       total 115200K, used 114909K [0x00000000c0000000, 0x00000000c7080000, 0x00000000eab00000)
  object space 115200K, 99% used [0x00000000c0000000,0x00000000c7037510,0x00000000c7080000)
 Metaspace       used 55419K, committed 56640K, reserved 1114112K
  class space    used 6023K, committed 6528K, reserved 1048576K
}

